Start time: Fri Aug 15 07:09:45 PM UTC 2025

CPU (start):

GPU (start):
56 22.84 3 0

Running ./main...

Time(s) CPU_Temp GPU_Temp GPU_Util GPU_Mem CPU_Util CPU_Mem
1 0 56 2 3 75.1 1975

End time: Fri Aug 15 07:09:50 PM UTC 2025
Execution time: 3 seconds

CPU (end):

GPU (end):
56 23.74 3 0
Start time: Fri Aug 15 07:15:19 PM UTC 2025

CPU (start):

GPU (start):
56 23.53 4 0

Running ./main...

Time(s) CPU_Temp GPU_Temp GPU_Util GPU_Mem CPU_Util CPU_Mem
2 0 56 3 3 75.5 1876

End time: Fri Aug 15 07:15:23 PM UTC 2025
Execution time: 3 seconds

CPU (end):

GPU (end):
56 22.88 3 0
Start time: Fri Aug 15 07:16:06 PM UTC 2025

CPU (start):

GPU (start):
56 22.71 3 0

Running ./main...

Time(s) CPU_Temp GPU_Temp GPU_Util GPU_Mem CPU_Util CPU_Mem
2 0 56 2 3 30.3 1897

End time: Fri Aug 15 07:16:11 PM UTC 2025
Execution time: 3 seconds

CPU (end):

GPU (end):
57 22.72 3 0
Start time: Fri Aug 15 07:16:40 PM UTC 2025

CPU (start):

GPU (start):
57 22.68 3 0

Running ./main...

Time(s) CPU_Temp GPU_Temp GPU_Util GPU_Mem CPU_Util CPU_Mem
2 0 57 0 3 60.0 1894

End time: Fri Aug 15 07:16:44 PM UTC 2025
Execution time: 3 seconds

CPU (end):

GPU (end):
56 22.77 3 0
Start time: Fri Aug 15 07:17:04 PM UTC 2025

CPU (start):

GPU (start):
56 22.83 3 0

Running ./main...

Time(s) CPU_Temp GPU_Temp GPU_Util GPU_Mem CPU_Util CPU_Mem
2 0 57 0 3 45.8 1895

End time: Fri Aug 15 07:17:08 PM UTC 2025
Execution time: 3 seconds

CPU (end):

GPU (end):
57 23.65 3 0
Start time: Fri Aug 15 07:17:21 PM UTC 2025

CPU (start):

GPU (start):
57 22.98 3 0

Running ./main...

Time(s) CPU_Temp GPU_Temp GPU_Util GPU_Mem CPU_Util CPU_Mem
2 0 57 0 3 62.0 1899

End time: Fri Aug 15 07:17:26 PM UTC 2025
Execution time: 3 seconds

CPU (end):

GPU (end):
57 22.79 3 0
Start time: Fri Aug 15 07:19:21 PM UTC 2025

CPU (start):

GPU (start):
57 22.77 4 0

Running ./main...

Time(s) CPU_Temp GPU_Temp GPU_Util GPU_Mem CPU_Util CPU_Mem
2 0 57 2 3 71.1 1891

End time: Fri Aug 15 07:19:26 PM UTC 2025
Execution time: 3 seconds

CPU (end):

GPU (end):
57 22.84 3 0
Start time: Fri Aug 15 07:22:17 PM UTC 2025

CPU (start):

GPU (start):
56 23.69 3 0

Running ./main...

Time(s) CPU_Temp GPU_Temp GPU_Util GPU_Mem CPU_Util CPU_Mem
1 0 56 0 3 61.8 1888

End time: Fri Aug 15 07:22:22 PM UTC 2025
Execution time: 3 seconds

CPU (end):

GPU (end):
57 23.66 3 0
Start time: Fri Aug 15 07:30:43 PM UTC 2025

CPU (start):

GPU (start):
56 23.70 4 0

Running ./main...

Time(s) CPU_Temp GPU_Temp GPU_Util GPU_Mem CPU_Util CPU_Mem
2 0 56 2 3 30.0 1917

End time: Fri Aug 15 07:30:47 PM UTC 2025
Execution time: 3 seconds

CPU (end):

GPU (end):
56 22.75 3 0
Start time: Fri Aug 15 07:36:30 PM UTC 2025

CPU (start):

GPU (start):
56 23.01 3 0

Running ./main...

Time(s) CPU_Temp GPU_Temp GPU_Util GPU_Mem CPU_Util CPU_Mem
1 0 56 0 3 68.7 1905

End time: Fri Aug 15 07:36:34 PM UTC 2025
Execution time: 2 seconds

CPU (end):

GPU (end):
56 22.98 3 0
Start time: Fri Aug 15 07:43:53 PM UTC 2025

CPU (start):

GPU (start):
56 23.73 4 0

Running ./main...

Time(s) CPU_Temp GPU_Temp GPU_Util GPU_Mem CPU_Util CPU_Mem
2 0 56 0 3 46.9 1903

End time: Fri Aug 15 07:43:57 PM UTC 2025
Execution time: 3 seconds

CPU (end):

GPU (end):
56 23.71 4 0
Start time: Fri Aug 15 08:02:20 PM UTC 2025

CPU (start):

GPU (start):
56 23.48 3 0

Running ./main...

Time(s) CPU_Temp GPU_Temp GPU_Util GPU_Mem CPU_Util CPU_Mem
2 0 56 2 104 10.0 2123
3 0 56 3 0 1.0 1926

End time: Fri Aug 15 08:02:28 PM UTC 2025
Execution time: 6 seconds

CPU (end):

GPU (end):
56 22.78 3 0
Start time: Fri Aug 15 08:53:47 PM UTC 2025

CPU (start):

GPU (start):
56 22.74 3 0

Running ./main...

Time(s) CPU_Temp GPU_Temp GPU_Util GPU_Mem CPU_Util CPU_Mem
2 0 56 2 104 10.0 2310

End time: Fri Aug 15 08:53:52 PM UTC 2025
Execution time: 3 seconds

CPU (end):

GPU (end):
56 22.76 4 0
Start time: Fri Aug 15 09:02:17 PM UTC 2025

CPU (start):

GPU (start):
56 23.77 4 0

Running ./main...

Time(s) CPU_Temp GPU_Temp GPU_Util GPU_Mem CPU_Util CPU_Mem
2 0 56 2 104 10.0 2451
3 0 56 3 0 1.0 2247

End time: Fri Aug 15 09:02:25 PM UTC 2025
Execution time: 6 seconds

CPU (end):

GPU (end):
56 23.86 3 0
Start time: Fri Aug 15 09:07:18 PM UTC 2025

CPU (start):

GPU (start):
56 22.81 4 0

Running ./main...

Time(s) CPU_Temp GPU_Temp GPU_Util GPU_Mem CPU_Util CPU_Mem
1 0 56 2 104 10.7 2298

End time: Fri Aug 15 09:07:23 PM UTC 2025
Execution time: 3 seconds

CPU (end):

GPU (end):
56 22.85 3 0
Start time: Fri Aug 15 09:21:14 PM UTC 2025

CPU (start):

GPU (start):
56 23.71 3 0

Running ./main...

Time(s) CPU_Temp GPU_Temp GPU_Util GPU_Mem CPU_Util CPU_Mem
2 0 56 1 104 9.0 2242

End time: Fri Aug 15 09:21:19 PM UTC 2025
Execution time: 3 seconds

CPU (end):

GPU (end):
56 23.69 3 0
Start time: Fri Aug 15 09:23:07 PM UTC 2025

CPU (start):

GPU (start):
56 23.53 4 0

Running ./main...

Time(s) CPU_Temp GPU_Temp GPU_Util GPU_Mem CPU_Util CPU_Mem
2 0 56 1 104 9.8 2320

End time: Fri Aug 15 09:23:12 PM UTC 2025
Execution time: 3 seconds

CPU (end):

GPU (end):
56 22.75 4 0
Start time: Fri Aug 15 09:34:02 PM UTC 2025

CPU (start):

GPU (start):
56 22.83 4 0

Running ./main...

Time(s) CPU_Temp GPU_Temp GPU_Util GPU_Mem CPU_Util CPU_Mem
2 0 56 1 104 11.6 2343
3 0 56 3 0 0.5 2139

End time: Fri Aug 15 09:34:10 PM UTC 2025
Execution time: 6 seconds

CPU (end):

GPU (end):
56 22.88 3 0
Start time: Sat Aug 16 07:58:38 AM UTC 2025

CPU (start):

GPU (start):
56 22.66 18 0

Running ./main...

Time(s) CPU_Temp GPU_Temp GPU_Util GPU_Mem CPU_Util CPU_Mem
1 0 56 3 104 16.1 1390

End time: Sat Aug 16 07:58:43 AM UTC 2025
Execution time: 3 seconds

CPU (end):

GPU (end):
56 21.75 3 0
Start time: Sat Aug 16 09:11:31 AM UTC 2025

CPU (start):

GPU (start):
58 22.99 3 0

Running ./main...

Time(s) CPU_Temp GPU_Temp GPU_Util GPU_Mem CPU_Util CPU_Mem
2 0 58 1 104 8.9 2370

End time: Sat Aug 16 09:11:36 AM UTC 2025
Execution time: 3 seconds

CPU (end):

GPU (end):
58 23.41 3 0
Start time: Sat Aug 16 09:21:27 AM UTC 2025

CPU (start):

GPU (start):
57 21.94 4 0

Running ./main...

Time(s) CPU_Temp GPU_Temp GPU_Util GPU_Mem CPU_Util CPU_Mem
2 0 57 2 104 9.7 2215

End time: Sat Aug 16 09:21:31 AM UTC 2025
Execution time: 3 seconds

CPU (end):

GPU (end):
57 21.87 3 0
Start time: Sat Aug 16 09:34:28 AM UTC 2025

CPU (start):

GPU (start):
57 22.52 3 0

Running ./main...

Time(s) CPU_Temp GPU_Temp GPU_Util GPU_Mem CPU_Util CPU_Mem
2 0 57 1 104 10.0 2691
3 0 57 3 0 1.0 2496

End time: Sat Aug 16 09:34:36 AM UTC 2025
Execution time: 6 seconds

CPU (end):

GPU (end):
57 21.64 3 0
Start time: Sat Aug 16 10:17:17 AM UTC 2025

CPU (start):

GPU (start):
52 21.86 3 0

Running ./main...

Time(s) CPU_Temp GPU_Temp GPU_Util GPU_Mem CPU_Util CPU_Mem
2 0 52 2 104 9.1 2564
3 0 52 3 0 0.5 2361

End time: Sat Aug 16 10:17:25 AM UTC 2025
Execution time: 6 seconds

CPU (end):

GPU (end):
52 21.86 3 0
Start time: Sat Aug 16 11:27:55 AM UTC 2025

CPU (start):

GPU (start):
52 21.02 3 0

Running ./main...

Time(s) CPU_Temp GPU_Temp GPU_Util GPU_Mem CPU_Util CPU_Mem
2 0 52 1 104 10.7 2506

End time: Sat Aug 16 11:28:00 AM UTC 2025
Execution time: 3 seconds

CPU (end):

GPU (end):
52 21.07 3 0
Start time: Sat Aug 16 11:31:08 AM UTC 2025

CPU (start):

GPU (start):
55 22.47 3 0

Running ./main...

Time(s) CPU_Temp GPU_Temp GPU_Util GPU_Mem CPU_Util CPU_Mem
2 0 55 3 3 9.1 2004

End time: Sat Aug 16 11:31:13 AM UTC 2025
Execution time: 3 seconds

CPU (end):

GPU (end):
55 22.44 4 0
Start time: Sat Aug 16 11:39:16 AM UTC 2025

CPU (start):

GPU (start):
56 22.65 4 0

Running ./main...

Time(s) CPU_Temp GPU_Temp GPU_Util GPU_Mem CPU_Util CPU_Mem
2 0 56 0 3 77.7 1988

End time: Sat Aug 16 11:39:21 AM UTC 2025
Execution time: 3 seconds

CPU (end):

GPU (end):
57 21.67 3 0
Start time: Sat Aug 16 11:42:50 AM UTC 2025

CPU (start):

GPU (start):
57 22.62 3 0

Running ./main...

Time(s) CPU_Temp GPU_Temp GPU_Util GPU_Mem CPU_Util CPU_Mem
2 0 57 2 3 91.0 2152

End time: Sat Aug 16 11:42:55 AM UTC 2025
Execution time: 3 seconds

CPU (end):

GPU (end):
57 22.72 4 0
Start time: Sat Aug 16 11:46:13 AM UTC 2025

CPU (start):

GPU (start):
57 21.61 3 0

Running ./main...

Time(s) CPU_Temp GPU_Temp GPU_Util GPU_Mem CPU_Util CPU_Mem
2 0 57 0 3 47.6 2035

End time: Sat Aug 16 11:46:18 AM UTC 2025
Execution time: 3 seconds

CPU (end):

GPU (end):
57 22.74 3 0
Start time: Sat Aug 16 11:47:46 AM UTC 2025

CPU (start):

GPU (start):
57 21.98 3 0

Running ./main...

Time(s) CPU_Temp GPU_Temp GPU_Util GPU_Mem CPU_Util CPU_Mem
2 0 57 2 3 49.3 2275

End time: Sat Aug 16 11:47:51 AM UTC 2025
Execution time: 3 seconds

CPU (end):

GPU (end):
57 22.87 4 0
Start time: Sat Aug 16 11:49:13 AM UTC 2025

CPU (start):

GPU (start):
57 22.74 3 0

Running ./main...

Time(s) CPU_Temp GPU_Temp GPU_Util GPU_Mem CPU_Util CPU_Mem
2 0 57 0 3 77.2 2246

End time: Sat Aug 16 11:49:17 AM UTC 2025
Execution time: 3 seconds

CPU (end):

GPU (end):
57 22.07 4 0
Start time: Sat Aug 16 11:51:56 AM UTC 2025

CPU (start):

GPU (start):
57 22.94 3 0

Running ./main...

Time(s) CPU_Temp GPU_Temp GPU_Util GPU_Mem CPU_Util CPU_Mem
2 0 57 3 3 65.8 2262

End time: Sat Aug 16 11:52:01 AM UTC 2025
Execution time: 3 seconds

CPU (end):

GPU (end):
57 22.04 3 0
